<?xml version="1.0" encoding="UTF-8"?>
<!-- Generated by org.testng.reporters.JUnitReportReporter -->
<testsuite hostname="Surajs-MacBook-Air.local" failures="0" tests="2" name="com.crm.qa.testcases.LoginPageTest" time="22.485" errors="0" timestamp="2020-06-16T23:08:20 CDT" skipped="0">
  <testcase classname="com.crm.qa.testcases.LoginPageTest" name="loginPageTitleTest" time="10.674"/>
  <system-out/>
  <testcase classname="com.crm.qa.testcases.LoginPageTest" name="userLogin" time="11.811"/>
  <system-out/>
</testsuite> <!-- com.crm.qa.testcases.LoginPageTest -->
