<?xml version="1.0" encoding="UTF-8"?>
<!-- Generated by org.testng.reporters.JUnitReportReporter -->
<testsuite hostname="Surajs-MacBook-Air.local" failures="0" tests="4" name="com.crm.qa.testcases.HomePageTest" time="45.926" errors="0" timestamp="2020-06-16T23:08:20 CDT" skipped="0">
  <testcase classname="com.crm.qa.testcases.HomePageTest" name="verifyHomePage" time="11.178"/>
  <system-out/>
  <testcase classname="com.crm.qa.testcases.HomePageTest" name="verifyUserName" time="9.981"/>
  <system-out/>
  <testcase classname="com.crm.qa.testcases.HomePageTest" name="verifyCalenderPage" time="11.637"/>
  <system-out/>
  <testcase classname="com.crm.qa.testcases.HomePageTest" name="verifyContactPage" time="13.130"/>
  <system-out/>
</testsuite> <!-- com.crm.qa.testcases.HomePageTest -->
